<?xml version="1.0" encoding="UTF-8"?>
<!-- Generated by org.testng.reporters.JUnitReportReporter -->
<testsuite skipped="0" hostname="BhargaviYembar" name="testng2.Parameterexample" tests="2" failures="0" timestamp="26 Jul 2018 06:59:31 GMT" time="7.226" errors="0">
  <testcase name="titlesearch" time="3.649" classname="testng2.Parameterexample"/>
  <testcase name="openurl" time="3.577" classname="testng2.Parameterexample"/>
</testsuite> <!-- testng2.Parameterexample -->
