<?xml version="1.0" encoding="UTF-8"?>
<!-- Generated by org.testng.reporters.JUnitReportReporter -->
<testsuite skipped="0" hostname="BhargaviYembar" name="testng.Prepostconditions" tests="1" failures="0" timestamp="27 Jul 2018 06:32:19 GMT" time="17.249" errors="0">
  <testcase name="setup" time="17.249" classname="testng.Prepostconditions"/>
</testsuite> <!-- testng.Prepostconditions -->
