<?xml version="1.0" encoding="UTF-8"?>
<!-- Generated by org.testng.reporters.JUnitReportReporter -->
<testsuite skipped="0" hostname="BhargaviYembar" name="testng.Testngexample" tests="3" failures="0" timestamp="26 Jul 2018 06:59:31 GMT" time="14.352" errors="0">
  <testcase name="openurl" time="2.756" classname="testng.Testngexample"/>
  <testcase name="search" time="3.187" classname="testng.Testngexample"/>
  <testcase name="openbrowser" time="8.409" classname="testng.Testngexample"/>
</testsuite> <!-- testng.Testngexample -->
