<?xml version="1.0" encoding="UTF-8"?>
<!-- Generated by org.testng.reporters.JUnitReportReporter -->
<testsuite skipped="0" hostname="BhargaviYembar" name="testng2.Groupingtestngexample" tests="2" failures="0" timestamp="27 Jul 2018 06:32:19 GMT" time="33.330" errors="0">
  <testcase name="laptopssearch" time="22.481" classname="testng2.Groupingtestngexample"/>
  <testcase name="setup" time="10.849" classname="testng2.Groupingtestngexample"/>
</testsuite> <!-- testng2.Groupingtestngexample -->
