<?xml version="1.0" encoding="UTF-8"?>
<!-- Generated by org.testng.reporters.JUnitReportReporter -->
<testsuite skipped="0" hostname="BhargaviYembar" name="testng.Test1" tests="2" failures="0" timestamp="25 Jul 2018 05:50:20 GMT" time="42.306" errors="0">
  <testcase name="searchbox" time="13.707" classname="testng.Test1"/>
  <testcase name="openurl" time="28.599" classname="testng.Test1"/>
</testsuite> <!-- testng.Test1 -->
