<?xml version="1.0" encoding="UTF-8"?>
<!-- Generated by org.testng.reporters.JUnitReportReporter -->
<testsuite skipped="0" hostname="BhargaviYembar" name="testng.Testingppconditions" tests="1" failures="0" timestamp="27 Jul 2018 06:32:19 GMT" time="21.436" errors="0">
  <testcase name="seleniumhqsearch" time="21.436" classname="testng.Testingppconditions"/>
</testsuite> <!-- testng.Testingppconditions -->
